# build-tree --verbose=1 --max-leaves=2000 --cluster-thresh=-1 ./exp/tri1_ug/treeacc ./data/lang_test_ug/phones/roots.int ./exp/tri1_ug/questions.qst ./data/lang_test_ug/topo ./exp/tri1_ug/tree 
# Started at Fri May 19 15:33:52 EEST 2023
#
build-tree --verbose=1 --max-leaves=2000 --cluster-thresh=-1 ./exp/tri1_ug/treeacc ./data/lang_test_ug/phones/roots.int ./exp/tri1_ug/questions.qst ./data/lang_test_ug/topo ./exp/tri1_ug/tree 
LOG (build-tree[5.5.1071~1-19185]:main():build-tree.cc:104) Number of separate statistics is 17248
LOG (build-tree[5.5.1071~1-19185]:BuildTree():build-tree.cc:161) BuildTree: before building trees, map has 41 leaves.
LOG (build-tree[5.5.1071~1-19185]:SplitDecisionTree():build-tree-utils.cc:577) DoDecisionTreeSplit: split 1222 times, #leaves now 1263
LOG (build-tree[5.5.1071~1-19185]:BuildTree():build-tree.cc:187) Setting clustering threshold to smallest split 300.346
VLOG[1] (build-tree[5.5.1071~1-19185]:BuildTree():build-tree.cc:196) After decision tree split, num-leaves = 1263, like-impr = 5.71928 per frame over 599597 frames.
VLOG[1] (build-tree[5.5.1071~1-19185]:BuildTree():build-tree.cc:200) Including just phones that were split, improvement is 5.71928 per frame over 599597 frames.
LOG (build-tree[5.5.1071~1-19185]:BuildTree():build-tree.cc:215) BuildTree: removed 301 leaves.
VLOG[1] (build-tree[5.5.1071~1-19185]:ClusterEventMapToNClustersRestrictedByMap():build-tree-utils.cc:914) Number of non-empty clusters in map = 40
VLOG[1] (build-tree[5.5.1071~1-19185]:ClusterEventMapToNClustersRestrictedByMap():build-tree-utils.cc:915) Number of non-empty clusters = 961
LOG (build-tree[5.5.1071~1-19185]:BuildTree():build-tree.cc:231) BuildTree: Rounded num leaves to multiple of 8 by removing 2 leaves.
VLOG[1] (build-tree[5.5.1071~1-19185]:BuildTree():build-tree.cc:256) Objf change due to clustering -0.103116 per frame.
VLOG[1] (build-tree[5.5.1071~1-19185]:BuildTree():build-tree.cc:259) Normalizing over only split phones, this is: -0.103116 per frame.
VLOG[1] (build-tree[5.5.1071~1-19185]:BuildTree():build-tree.cc:262) Num-leaves is now 960
VLOG[1] (build-tree[5.5.1071~1-19185]:main():build-tree.cc:143) For pdf-id 1, low count 0
VLOG[1] (build-tree[5.5.1071~1-19185]:main():build-tree.cc:143) For pdf-id 13, low count 64
VLOG[1] (build-tree[5.5.1071~1-19185]:main():build-tree.cc:143) For pdf-id 17, low count 92
VLOG[1] (build-tree[5.5.1071~1-19185]:main():build-tree.cc:143) For pdf-id 18, low count 68
VLOG[1] (build-tree[5.5.1071~1-19185]:main():build-tree.cc:143) For pdf-id 51, low count 44
VLOG[1] (build-tree[5.5.1071~1-19185]:main():build-tree.cc:143) For pdf-id 53, low count 60
VLOG[1] (build-tree[5.5.1071~1-19185]:main():build-tree.cc:143) For pdf-id 68, low count 75
VLOG[1] (build-tree[5.5.1071~1-19185]:main():build-tree.cc:143) For pdf-id 74, low count 81
VLOG[1] (build-tree[5.5.1071~1-19185]:main():build-tree.cc:143) For pdf-id 78, low count 68
VLOG[1] (build-tree[5.5.1071~1-19185]:main():build-tree.cc:143) For pdf-id 80, low count 86
VLOG[1] (build-tree[5.5.1071~1-19185]:main():build-tree.cc:143) For pdf-id 95, low count 54
VLOG[1] (build-tree[5.5.1071~1-19185]:main():build-tree.cc:143) For pdf-id 96, low count 67
VLOG[1] (build-tree[5.5.1071~1-19185]:main():build-tree.cc:143) For pdf-id 104, low count 85
VLOG[1] (build-tree[5.5.1071~1-19185]:main():build-tree.cc:143) For pdf-id 107, low count 69
VLOG[1] (build-tree[5.5.1071~1-19185]:main():build-tree.cc:143) For pdf-id 112, low count 77
VLOG[1] (build-tree[5.5.1071~1-19185]:main():build-tree.cc:143) For pdf-id 115, low count 59
VLOG[1] (build-tree[5.5.1071~1-19185]:main():build-tree.cc:143) For pdf-id 134, low count 72
VLOG[1] (build-tree[5.5.1071~1-19185]:main():build-tree.cc:143) For pdf-id 138, low count 66
VLOG[1] (build-tree[5.5.1071~1-19185]:main():build-tree.cc:143) For pdf-id 139, low count 55
VLOG[1] (build-tree[5.5.1071~1-19185]:main():build-tree.cc:143) For pdf-id 143, low count 95
VLOG[1] (build-tree[5.5.1071~1-19185]:main():build-tree.cc:143) For pdf-id 144, low count 87
VLOG[1] (build-tree[5.5.1071~1-19185]:main():build-tree.cc:143) For pdf-id 167, low count 83
VLOG[1] (build-tree[5.5.1071~1-19185]:main():build-tree.cc:143) For pdf-id 188, low count 97
VLOG[1] (build-tree[5.5.1071~1-19185]:main():build-tree.cc:143) For pdf-id 190, low count 82
VLOG[1] (build-tree[5.5.1071~1-19185]:main():build-tree.cc:143) For pdf-id 201, low count 95
VLOG[1] (build-tree[5.5.1071~1-19185]:main():build-tree.cc:143) For pdf-id 208, low count 41
VLOG[1] (build-tree[5.5.1071~1-19185]:main():build-tree.cc:143) For pdf-id 222, low count 76
VLOG[1] (build-tree[5.5.1071~1-19185]:main():build-tree.cc:143) For pdf-id 226, low count 43
VLOG[1] (build-tree[5.5.1071~1-19185]:main():build-tree.cc:143) For pdf-id 244, low count 47
VLOG[1] (build-tree[5.5.1071~1-19185]:main():build-tree.cc:143) For pdf-id 247, low count 63
VLOG[1] (build-tree[5.5.1071~1-19185]:main():build-tree.cc:143) For pdf-id 248, low count 46
VLOG[1] (build-tree[5.5.1071~1-19185]:main():build-tree.cc:143) For pdf-id 251, low count 46
VLOG[1] (build-tree[5.5.1071~1-19185]:main():build-tree.cc:143) For pdf-id 253, low count 99
VLOG[1] (build-tree[5.5.1071~1-19185]:main():build-tree.cc:143) For pdf-id 260, low count 70
VLOG[1] (build-tree[5.5.1071~1-19185]:main():build-tree.cc:143) For pdf-id 273, low count 64
VLOG[1] (build-tree[5.5.1071~1-19185]:main():build-tree.cc:143) For pdf-id 298, low count 54
VLOG[1] (build-tree[5.5.1071~1-19185]:main():build-tree.cc:143) For pdf-id 299, low count 61
VLOG[1] (build-tree[5.5.1071~1-19185]:main():build-tree.cc:143) For pdf-id 310, low count 69
VLOG[1] (build-tree[5.5.1071~1-19185]:main():build-tree.cc:143) For pdf-id 334, low count 80
VLOG[1] (build-tree[5.5.1071~1-19185]:main():build-tree.cc:143) For pdf-id 338, low count 85
VLOG[1] (build-tree[5.5.1071~1-19185]:main():build-tree.cc:143) For pdf-id 348, low count 24
VLOG[1] (build-tree[5.5.1071~1-19185]:main():build-tree.cc:143) For pdf-id 372, low count 94
VLOG[1] (build-tree[5.5.1071~1-19185]:main():build-tree.cc:143) For pdf-id 374, low count 83
VLOG[1] (build-tree[5.5.1071~1-19185]:main():build-tree.cc:143) For pdf-id 381, low count 67
VLOG[1] (build-tree[5.5.1071~1-19185]:main():build-tree.cc:143) For pdf-id 399, low count 98
VLOG[1] (build-tree[5.5.1071~1-19185]:main():build-tree.cc:143) For pdf-id 400, low count 86
VLOG[1] (build-tree[5.5.1071~1-19185]:main():build-tree.cc:143) For pdf-id 409, low count 84
VLOG[1] (build-tree[5.5.1071~1-19185]:main():build-tree.cc:143) For pdf-id 456, low count 89
VLOG[1] (build-tree[5.5.1071~1-19185]:main():build-tree.cc:143) For pdf-id 464, low count 98
VLOG[1] (build-tree[5.5.1071~1-19185]:main():build-tree.cc:143) For pdf-id 483, low count 86
VLOG[1] (build-tree[5.5.1071~1-19185]:main():build-tree.cc:143) For pdf-id 484, low count 89
VLOG[1] (build-tree[5.5.1071~1-19185]:main():build-tree.cc:143) For pdf-id 495, low count 55
VLOG[1] (build-tree[5.5.1071~1-19185]:main():build-tree.cc:143) For pdf-id 506, low count 78
VLOG[1] (build-tree[5.5.1071~1-19185]:main():build-tree.cc:143) For pdf-id 533, low count 96
VLOG[1] (build-tree[5.5.1071~1-19185]:main():build-tree.cc:143) For pdf-id 543, low count 90
VLOG[1] (build-tree[5.5.1071~1-19185]:main():build-tree.cc:143) For pdf-id 547, low count 39
VLOG[1] (build-tree[5.5.1071~1-19185]:main():build-tree.cc:143) For pdf-id 558, low count 72
VLOG[1] (build-tree[5.5.1071~1-19185]:main():build-tree.cc:143) For pdf-id 581, low count 96
VLOG[1] (build-tree[5.5.1071~1-19185]:main():build-tree.cc:143) For pdf-id 633, low count 12
VLOG[1] (build-tree[5.5.1071~1-19185]:main():build-tree.cc:143) For pdf-id 637, low count 75
VLOG[1] (build-tree[5.5.1071~1-19185]:main():build-tree.cc:143) For pdf-id 658, low count 30
VLOG[1] (build-tree[5.5.1071~1-19185]:main():build-tree.cc:143) For pdf-id 733, low count 91
VLOG[1] (build-tree[5.5.1071~1-19185]:main():build-tree.cc:143) For pdf-id 751, low count 90
VLOG[1] (build-tree[5.5.1071~1-19185]:main():build-tree.cc:143) For pdf-id 782, low count 60
VLOG[1] (build-tree[5.5.1071~1-19185]:main():build-tree.cc:143) For pdf-id 813, low count 54
VLOG[1] (build-tree[5.5.1071~1-19185]:main():build-tree.cc:143) For pdf-id 819, low count 50
VLOG[1] (build-tree[5.5.1071~1-19185]:main():build-tree.cc:143) For pdf-id 840, low count 59
VLOG[1] (build-tree[5.5.1071~1-19185]:main():build-tree.cc:143) For pdf-id 851, low count 88
VLOG[1] (build-tree[5.5.1071~1-19185]:main():build-tree.cc:143) For pdf-id 852, low count 96
VLOG[1] (build-tree[5.5.1071~1-19185]:main():build-tree.cc:143) For pdf-id 863, low count 54
VLOG[1] (build-tree[5.5.1071~1-19185]:main():build-tree.cc:143) For pdf-id 874, low count 21
VLOG[1] (build-tree[5.5.1071~1-19185]:main():build-tree.cc:143) For pdf-id 914, low count 99
VLOG[1] (build-tree[5.5.1071~1-19185]:main():build-tree.cc:143) For pdf-id 925, low count 55
VLOG[1] (build-tree[5.5.1071~1-19185]:main():build-tree.cc:143) For pdf-id 951, low count 73
WARNING (build-tree[5.5.1071~1-19185]:main():build-tree.cc:185) Saw no stats for following phones: 2 3 4 6 7 8 9 10 11 12 14 15 16 18 19 20 22 23 24 26 27 28 30 31 32 34 35 36 38 39 40 42 43 44 46 47 48 50 51 52 54 55 56 58 59 60 62 63 64 66 67 68 70 71 72 74 75 76 78 79 80 82 83 84 86 87 88 90 91 92 94 95 96 98 99 100 102 103 104 106 107 108 110 111 112 114 115 116 118 119 120 122 123 124 126 127 128 130 131 132 134 135 136 138 139 140 142 143 144 146 147 148 150 151 152 154 155 156 158 159 160 162 163 164 
LOG (build-tree[5.5.1071~1-19185]:main():build-tree.cc:189) Wrote tree
# Accounting: time=1 threads=1
# Ended (code 0) at Fri May 19 15:33:53 EEST 2023, elapsed time 1 seconds
