# gmm-est --mix-up=9680 --power=0.25 --write-occs=./exp/tri1_ug/26.occs ./exp/tri1_ug/25.mdl "gmm-sum-accs - ./exp/tri1_ug/25.*.acc |" ./exp/tri1_ug/26.mdl 
# Started at Fri May 19 15:34:29 EEST 2023
#
gmm-est --mix-up=9680 --power=0.25 --write-occs=./exp/tri1_ug/26.occs ./exp/tri1_ug/25.mdl 'gmm-sum-accs - ./exp/tri1_ug/25.*.acc |' ./exp/tri1_ug/26.mdl 
gmm-sum-accs - ./exp/tri1_ug/25.1.acc ./exp/tri1_ug/25.2.acc ./exp/tri1_ug/25.3.acc ./exp/tri1_ug/25.4.acc 
LOG (gmm-sum-accs[5.5.1071~1-19185]:main():gmm-sum-accs.cc:63) Summed 4 stats, total count 599290, avg like/frame -79.1315
LOG (gmm-sum-accs[5.5.1071~1-19185]:main():gmm-sum-accs.cc:66) Total count of stats is 599290
LOG (gmm-sum-accs[5.5.1071~1-19185]:main():gmm-sum-accs.cc:67) Written stats to -
LOG (gmm-est[5.5.1071~1-19185]:MleUpdate():transition-model.cc:528) TransitionModel::Update, objf change is 0 per frame over 599290 frames. 
LOG (gmm-est[5.5.1071~1-19185]:MleUpdate():transition-model.cc:531) 73 probabilities floored, 3136 out of 4181 transition-states skipped due to insuffient data (it is normal to have some skipped.)
LOG (gmm-est[5.5.1071~1-19185]:main():gmm-est.cc:102) Transition model update: Overall 0 log-like improvement per frame over 599290 frames.
WARNING (gmm-est[5.5.1071~1-19185]:MleDiagGmmUpdate():mle-diag-gmm.cc:365) Gaussian has too little data but not removing it because it is the last Gaussian: i = 0, occ = 0, weight = 1
WARNING (gmm-est[5.5.1071~1-19185]:MleDiagGmmUpdate():mle-diag-gmm.cc:359) Too little data - removing Gaussian (weight 0.105815, occupation count 9.840757, vector size 39)
WARNING (gmm-est[5.5.1071~1-19185]:MleDiagGmmUpdate():mle-diag-gmm.cc:359) Too little data - removing Gaussian (weight 0.056027, occupation count 9.020415, vector size 39)
WARNING (gmm-est[5.5.1071~1-19185]:MleDiagGmmUpdate():mle-diag-gmm.cc:359) Too little data - removing Gaussian (weight 0.050494, occupation count 9.997836, vector size 39)
WARNING (gmm-est[5.5.1071~1-19185]:MleDiagGmmUpdate():mle-diag-gmm.cc:359) Too little data - removing Gaussian (weight 0.054944, occupation count 9.999756, vector size 39)
LOG (gmm-est[5.5.1071~1-19185]:MleAmDiagGmmUpdate():mle-am-diag-gmm.cc:225) 0 variance elements floored in 0 Gaussians, out of 9364
LOG (gmm-est[5.5.1071~1-19185]:MleAmDiagGmmUpdate():mle-am-diag-gmm.cc:229) Removed 4 Gaussians due to counts < --min-gaussian-occupancy=10 and --remove-low-count-gaussians=true
LOG (gmm-est[5.5.1071~1-19185]:main():gmm-est.cc:113) GMM update: Overall 0.0565074 objective function improvement per frame over 599290 frames
LOG (gmm-est[5.5.1071~1-19185]:main():gmm-est.cc:116) GMM update: Overall avg like per frame = -79.1315 over 599290 frames.
LOG (gmm-est[5.5.1071~1-19185]:SplitByCount():am-diag-gmm.cc:116) Split 960 states with target = 9680, power = 0.25, perturb_factor = 0.01 and min_count = 20, split #Gauss from 9364 to 9688
LOG (gmm-est[5.5.1071~1-19185]:main():gmm-est.cc:146) Written model to ./exp/tri1_ug/26.mdl
# Accounting: time=0 threads=1
# Ended (code 0) at Fri May 19 15:34:29 EEST 2023, elapsed time 0 seconds
