# gmm-est --mix-up=10000 --power=0.25 --write-occs=./exp/tri1_ug/29.occs ./exp/tri1_ug/28.mdl "gmm-sum-accs - ./exp/tri1_ug/28.*.acc |" ./exp/tri1_ug/29.mdl 
# Started at Fri May 19 15:34:32 EEST 2023
#
gmm-est --mix-up=10000 --power=0.25 --write-occs=./exp/tri1_ug/29.occs ./exp/tri1_ug/28.mdl 'gmm-sum-accs - ./exp/tri1_ug/28.*.acc |' ./exp/tri1_ug/29.mdl 
gmm-sum-accs - ./exp/tri1_ug/28.1.acc ./exp/tri1_ug/28.2.acc ./exp/tri1_ug/28.3.acc ./exp/tri1_ug/28.4.acc 
LOG (gmm-sum-accs[5.5.1071~1-19185]:main():gmm-sum-accs.cc:63) Summed 4 stats, total count 599290, avg like/frame -78.8456
LOG (gmm-sum-accs[5.5.1071~1-19185]:main():gmm-sum-accs.cc:66) Total count of stats is 599290
LOG (gmm-sum-accs[5.5.1071~1-19185]:main():gmm-sum-accs.cc:67) Written stats to -
LOG (gmm-est[5.5.1071~1-19185]:MleUpdate():transition-model.cc:528) TransitionModel::Update, objf change is 0 per frame over 599290 frames. 
LOG (gmm-est[5.5.1071~1-19185]:MleUpdate():transition-model.cc:531) 73 probabilities floored, 3136 out of 4181 transition-states skipped due to insuffient data (it is normal to have some skipped.)
LOG (gmm-est[5.5.1071~1-19185]:main():gmm-est.cc:102) Transition model update: Overall 0 log-like improvement per frame over 599290 frames.
WARNING (gmm-est[5.5.1071~1-19185]:MleDiagGmmUpdate():mle-diag-gmm.cc:365) Gaussian has too little data but not removing it because it is the last Gaussian: i = 0, occ = 0, weight = 1
WARNING (gmm-est[5.5.1071~1-19185]:MleDiagGmmUpdate():mle-diag-gmm.cc:359) Too little data - removing Gaussian (weight 0.043695, occupation count 9.744024, vector size 39)
WARNING (gmm-est[5.5.1071~1-19185]:MleDiagGmmUpdate():mle-diag-gmm.cc:359) Too little data - removing Gaussian (weight 0.065175, occupation count 9.189628, vector size 39)
WARNING (gmm-est[5.5.1071~1-19185]:MleDiagGmmUpdate():mle-diag-gmm.cc:359) Too little data - removing Gaussian (weight 0.051970, occupation count 9.458525, vector size 39)
WARNING (gmm-est[5.5.1071~1-19185]:MleDiagGmmUpdate():mle-diag-gmm.cc:359) Too little data - removing Gaussian (weight 0.045093, occupation count 9.920559, vector size 39)
WARNING (gmm-est[5.5.1071~1-19185]:MleDiagGmmUpdate():mle-diag-gmm.cc:359) Too little data - removing Gaussian (weight 0.042579, occupation count 9.239739, vector size 39)
WARNING (gmm-est[5.5.1071~1-19185]:MleDiagGmmUpdate():mle-diag-gmm.cc:359) Too little data - removing Gaussian (weight 0.049807, occupation count 9.861718, vector size 39)
LOG (gmm-est[5.5.1071~1-19185]:MleAmDiagGmmUpdate():mle-am-diag-gmm.cc:225) 0 variance elements floored in 0 Gaussians, out of 10003
LOG (gmm-est[5.5.1071~1-19185]:MleAmDiagGmmUpdate():mle-am-diag-gmm.cc:229) Removed 6 Gaussians due to counts < --min-gaussian-occupancy=10 and --remove-low-count-gaussians=true
LOG (gmm-est[5.5.1071~1-19185]:main():gmm-est.cc:113) GMM update: Overall 0.0553595 objective function improvement per frame over 599290 frames
LOG (gmm-est[5.5.1071~1-19185]:main():gmm-est.cc:116) GMM update: Overall avg like per frame = -78.8456 over 599290 frames.
LOG (gmm-est[5.5.1071~1-19185]:SplitByCount():am-diag-gmm.cc:116) Split 960 states with target = 10000, power = 0.25, perturb_factor = 0.01 and min_count = 20, split #Gauss from 10003 to 10009
LOG (gmm-est[5.5.1071~1-19185]:main():gmm-est.cc:146) Written model to ./exp/tri1_ug/29.mdl
# Accounting: time=1 threads=1
# Ended (code 0) at Fri May 19 15:34:33 EEST 2023, elapsed time 1 seconds
