# gmm-acc-stats-ali ./exp/tri1_bg/34.mdl "ark,s,cs:apply-cmvn  --utt2spk=ark:./data/train/split4/2/utt2spk scp:./data/train/split4/2/cmvn.scp scp:./data/train/split4/2/feats.scp ark:- | add-deltas  ark:- ark:- |" "ark,s,cs:gunzip -c ./exp/tri1_bg/ali.2.gz|" ./exp/tri1_bg/34.2.acc 
# Started at Fri May 19 15:33:50 EEST 2023
#
gmm-acc-stats-ali ./exp/tri1_bg/34.mdl 'ark,s,cs:apply-cmvn  --utt2spk=ark:./data/train/split4/2/utt2spk scp:./data/train/split4/2/cmvn.scp scp:./data/train/split4/2/feats.scp ark:- | add-deltas  ark:- ark:- |' 'ark,s,cs:gunzip -c ./exp/tri1_bg/ali.2.gz|' ./exp/tri1_bg/34.2.acc 
apply-cmvn --utt2spk=ark:./data/train/split4/2/utt2spk scp:./data/train/split4/2/cmvn.scp scp:./data/train/split4/2/feats.scp ark:- 
add-deltas ark:- ark:- 
LOG (gmm-acc-stats-ali[5.5.1071~1-19185]:main():gmm-acc-stats-ali.cc:105) Processed 50 utterances; for utterance f5_070 avg. like is -89.389 over 606 frames.
WARNING (gmm-acc-stats-ali[5.5.1071~1-19185]:main():gmm-acc-stats-ali.cc:79) No alignment for utterance f5_083
LOG (gmm-acc-stats-ali[5.5.1071~1-19185]:main():gmm-acc-stats-ali.cc:105) Processed 100 utterances; for utterance f5_142 avg. like is -76.8587 over 386 frames.
WARNING (gmm-acc-stats-ali[5.5.1071~1-19185]:main():gmm-acc-stats-ali.cc:79) No alignment for utterance f5_167
LOG (gmm-acc-stats-ali[5.5.1071~1-19185]:main():gmm-acc-stats-ali.cc:105) Processed 150 utterances; for utterance f5_212 avg. like is -78.3321 over 459 frames.
WARNING (gmm-acc-stats-ali[5.5.1071~1-19185]:main():gmm-acc-stats-ali.cc:79) No alignment for utterance f5_263
LOG (gmm-acc-stats-ali[5.5.1071~1-19185]:main():gmm-acc-stats-ali.cc:105) Processed 200 utterances; for utterance f5_283 avg. like is -76.5346 over 517 frames.
LOG (gmm-acc-stats-ali[5.5.1071~1-19185]:main():gmm-acc-stats-ali.cc:105) Processed 250 utterances; for utterance f5_353 avg. like is -86.7632 over 492 frames.
LOG (gmm-acc-stats-ali[5.5.1071~1-19185]:main():gmm-acc-stats-ali.cc:105) Processed 300 utterances; for utterance f5_422 avg. like is -82.4494 over 392 frames.
LOG (apply-cmvn[5.5.1071~1-19185]:main():apply-cmvn.cc:162) Applied cepstral mean normalization to 331 utterances, errors on 0
LOG (gmm-acc-stats-ali[5.5.1071~1-19185]:main():gmm-acc-stats-ali.cc:112) Done 328 files, 3 with errors.
LOG (gmm-acc-stats-ali[5.5.1071~1-19185]:main():gmm-acc-stats-ali.cc:115) Overall avg like per frame (Gaussian only) = -81.1665 over 150811 frames.
LOG (gmm-acc-stats-ali[5.5.1071~1-19185]:main():gmm-acc-stats-ali.cc:123) Written accs.
# Accounting: time=1 threads=1
# Ended (code 0) at Fri May 19 15:33:51 EEST 2023, elapsed time 1 seconds
