# gmm-est --mix-up=10000 --power=0.25 --write-occs=./exp/tri1_bg/28.occs ./exp/tri1_bg/27.mdl "gmm-sum-accs - ./exp/tri1_bg/27.*.acc |" ./exp/tri1_bg/28.mdl 
# Started at Fri May 19 15:33:39 EEST 2023
#
gmm-est --mix-up=10000 --power=0.25 --write-occs=./exp/tri1_bg/28.occs ./exp/tri1_bg/27.mdl 'gmm-sum-accs - ./exp/tri1_bg/27.*.acc |' ./exp/tri1_bg/28.mdl 
gmm-sum-accs - ./exp/tri1_bg/27.1.acc ./exp/tri1_bg/27.2.acc ./exp/tri1_bg/27.3.acc ./exp/tri1_bg/27.4.acc 
LOG (gmm-sum-accs[5.5.1071~1-19185]:main():gmm-sum-accs.cc:63) Summed 4 stats, total count 599290, avg like/frame -78.9405
LOG (gmm-sum-accs[5.5.1071~1-19185]:main():gmm-sum-accs.cc:66) Total count of stats is 599290
LOG (gmm-sum-accs[5.5.1071~1-19185]:main():gmm-sum-accs.cc:67) Written stats to -
LOG (gmm-est[5.5.1071~1-19185]:MleUpdate():transition-model.cc:528) TransitionModel::Update, objf change is 0 per frame over 599290 frames. 
LOG (gmm-est[5.5.1071~1-19185]:MleUpdate():transition-model.cc:531) 73 probabilities floored, 3136 out of 4181 transition-states skipped due to insuffient data (it is normal to have some skipped.)
LOG (gmm-est[5.5.1071~1-19185]:main():gmm-est.cc:102) Transition model update: Overall 0 log-like improvement per frame over 599290 frames.
WARNING (gmm-est[5.5.1071~1-19185]:MleDiagGmmUpdate():mle-diag-gmm.cc:365) Gaussian has too little data but not removing it because it is the last Gaussian: i = 0, occ = 0, weight = 1
WARNING (gmm-est[5.5.1071~1-19185]:MleDiagGmmUpdate():mle-diag-gmm.cc:359) Too little data - removing Gaussian (weight 0.055000, occupation count 9.954971, vector size 39)
WARNING (gmm-est[5.5.1071~1-19185]:MleDiagGmmUpdate():mle-diag-gmm.cc:359) Too little data - removing Gaussian (weight 0.050704, occupation count 9.684498, vector size 39)
WARNING (gmm-est[5.5.1071~1-19185]:MleDiagGmmUpdate():mle-diag-gmm.cc:359) Too little data - removing Gaussian (weight 0.047237, occupation count 9.352979, vector size 39)
WARNING (gmm-est[5.5.1071~1-19185]:MleDiagGmmUpdate():mle-diag-gmm.cc:359) Too little data - removing Gaussian (weight 0.080532, occupation count 9.986029, vector size 39)
WARNING (gmm-est[5.5.1071~1-19185]:MleDiagGmmUpdate():mle-diag-gmm.cc:359) Too little data - removing Gaussian (weight 0.037125, occupation count 9.875202, vector size 39)
WARNING (gmm-est[5.5.1071~1-19185]:MleDiagGmmUpdate():mle-diag-gmm.cc:359) Too little data - removing Gaussian (weight 0.045975, occupation count 9.976577, vector size 39)
WARNING (gmm-est[5.5.1071~1-19185]:MleDiagGmmUpdate():mle-diag-gmm.cc:359) Too little data - removing Gaussian (weight 0.038233, occupation count 8.755257, vector size 39)
LOG (gmm-est[5.5.1071~1-19185]:MleAmDiagGmmUpdate():mle-am-diag-gmm.cc:225) 0 variance elements floored in 0 Gaussians, out of 10002
LOG (gmm-est[5.5.1071~1-19185]:MleAmDiagGmmUpdate():mle-am-diag-gmm.cc:229) Removed 7 Gaussians due to counts < --min-gaussian-occupancy=10 and --remove-low-count-gaussians=true
LOG (gmm-est[5.5.1071~1-19185]:main():gmm-est.cc:113) GMM update: Overall 0.0545677 objective function improvement per frame over 599290 frames
LOG (gmm-est[5.5.1071~1-19185]:main():gmm-est.cc:116) GMM update: Overall avg like per frame = -78.9405 over 599290 frames.
LOG (gmm-est[5.5.1071~1-19185]:SplitByCount():am-diag-gmm.cc:116) Split 960 states with target = 10000, power = 0.25, perturb_factor = 0.01 and min_count = 20, split #Gauss from 10002 to 10009
LOG (gmm-est[5.5.1071~1-19185]:main():gmm-est.cc:146) Written model to ./exp/tri1_bg/28.mdl
# Accounting: time=0 threads=1
# Ended (code 0) at Fri May 19 15:33:39 EEST 2023, elapsed time 0 seconds
