# gmm-acc-stats-ali ./exp/mono_bg/11.mdl "ark,s,cs:apply-cmvn  --utt2spk=ark:./data/train/split4/2/utt2spk scp:./data/train/split4/2/cmvn.scp scp:./data/train/split4/2/feats.scp ark:- | add-deltas  ark:- ark:- |" "ark:gunzip -c ./exp/mono_bg/ali.2.gz|" ./exp/mono_bg/11.2.acc 
# Started at Fri May 19 00:24:02 EEST 2023
#
gmm-acc-stats-ali ./exp/mono_bg/11.mdl 'ark,s,cs:apply-cmvn  --utt2spk=ark:./data/train/split4/2/utt2spk scp:./data/train/split4/2/cmvn.scp scp:./data/train/split4/2/feats.scp ark:- | add-deltas  ark:- ark:- |' 'ark:gunzip -c ./exp/mono_bg/ali.2.gz|' ./exp/mono_bg/11.2.acc 
add-deltas ark:- ark:- 
apply-cmvn --utt2spk=ark:./data/train/split4/2/utt2spk scp:./data/train/split4/2/cmvn.scp scp:./data/train/split4/2/feats.scp ark:- 
WARNING (gmm-acc-stats-ali[5.5.1074~1-71f3]:main():gmm-acc-stats-ali.cc:79) No alignment for utterance f5_069
LOG (gmm-acc-stats-ali[5.5.1074~1-71f3]:main():gmm-acc-stats-ali.cc:105) Processed 50 utterances; for utterance f5_072 avg. like is -87.1213 over 410 frames.
WARNING (gmm-acc-stats-ali[5.5.1074~1-71f3]:main():gmm-acc-stats-ali.cc:79) No alignment for utterance f5_083
LOG (gmm-acc-stats-ali[5.5.1074~1-71f3]:main():gmm-acc-stats-ali.cc:105) Processed 100 utterances; for utterance f5_143 avg. like is -84.2048 over 473 frames.
WARNING (gmm-acc-stats-ali[5.5.1074~1-71f3]:main():gmm-acc-stats-ali.cc:79) No alignment for utterance f5_167
LOG (gmm-acc-stats-ali[5.5.1074~1-71f3]:main():gmm-acc-stats-ali.cc:105) Processed 150 utterances; for utterance f5_213 avg. like is -85.1531 over 403 frames.
WARNING (gmm-acc-stats-ali[5.5.1074~1-71f3]:main():gmm-acc-stats-ali.cc:79) No alignment for utterance f5_263
LOG (gmm-acc-stats-ali[5.5.1074~1-71f3]:main():gmm-acc-stats-ali.cc:105) Processed 200 utterances; for utterance f5_284 avg. like is -85.4877 over 552 frames.
LOG (gmm-acc-stats-ali[5.5.1074~1-71f3]:main():gmm-acc-stats-ali.cc:105) Processed 250 utterances; for utterance f5_354 avg. like is -88.6975 over 679 frames.
LOG (gmm-acc-stats-ali[5.5.1074~1-71f3]:main():gmm-acc-stats-ali.cc:105) Processed 300 utterances; for utterance f5_423 avg. like is -86.3136 over 503 frames.
LOG (apply-cmvn[5.5.1074~1-71f3]:main():apply-cmvn.cc:162) Applied cepstral mean normalization to 331 utterances, errors on 0
LOG (gmm-acc-stats-ali[5.5.1074~1-71f3]:main():gmm-acc-stats-ali.cc:112) Done 327 files, 4 with errors.
LOG (gmm-acc-stats-ali[5.5.1074~1-71f3]:main():gmm-acc-stats-ali.cc:115) Overall avg like per frame (Gaussian only) = -87.301 over 150462 frames.
LOG (gmm-acc-stats-ali[5.5.1074~1-71f3]:main():gmm-acc-stats-ali.cc:123) Written accs.
# Accounting: time=1 threads=1
# Ended (code 0) at Fri May 19 00:24:03 EEST 2023, elapsed time 1 seconds
