# gmm-est --write-occs=./exp/mono_bg/8.occs --mix-up=299 --power=0.25 ./exp/mono_bg/7.mdl "gmm-sum-accs - ./exp/mono_bg/7.*.acc|" ./exp/mono_bg/8.mdl 
# Started at Fri May 19 00:23:52 EEST 2023
#
gmm-est --write-occs=./exp/mono_bg/8.occs --mix-up=299 --power=0.25 ./exp/mono_bg/7.mdl 'gmm-sum-accs - ./exp/mono_bg/7.*.acc|' ./exp/mono_bg/8.mdl 
gmm-sum-accs - ./exp/mono_bg/7.1.acc ./exp/mono_bg/7.2.acc ./exp/mono_bg/7.3.acc ./exp/mono_bg/7.4.acc 
LOG (gmm-sum-accs[5.5.1074~1-71f3]:main():gmm-sum-accs.cc:63) Summed 4 stats, total count 599248, avg like/frame -86.1718
LOG (gmm-sum-accs[5.5.1074~1-71f3]:main():gmm-sum-accs.cc:66) Total count of stats is 599248
LOG (gmm-sum-accs[5.5.1074~1-71f3]:main():gmm-sum-accs.cc:67) Written stats to -
LOG (gmm-est[5.5.1074~1-71f3]:MleUpdate():transition-model.cc:528) TransitionModel::Update, objf change is 0.00546916 per frame over 599248 frames. 
LOG (gmm-est[5.5.1074~1-71f3]:MleUpdate():transition-model.cc:531) 15 probabilities floored, 378 out of 505 transition-states skipped due to insuffient data (it is normal to have some skipped.)
LOG (gmm-est[5.5.1074~1-71f3]:main():gmm-est.cc:102) Transition model update: Overall 0.00546916 log-like improvement per frame over 599248 frames.
WARNING (gmm-est[5.5.1074~1-71f3]:MleDiagGmmUpdate():mle-diag-gmm.cc:365) Gaussian has too little data but not removing it because it is the last Gaussian: i = 0, occ = 0, weight = 1
WARNING (gmm-est[5.5.1074~1-71f3]:MleDiagGmmUpdate():mle-diag-gmm.cc:365) Gaussian has too little data but not removing it because it is the last Gaussian: i = 0, occ = 0, weight = 1
WARNING (gmm-est[5.5.1074~1-71f3]:MleDiagGmmUpdate():mle-diag-gmm.cc:365) Gaussian has too little data but not removing it because it is the last Gaussian: i = 0, occ = 0, weight = 1
LOG (gmm-est[5.5.1074~1-71f3]:MleAmDiagGmmUpdate():mle-am-diag-gmm.cc:225) 0 variance elements floored in 0 Gaussians, out of 270
LOG (gmm-est[5.5.1074~1-71f3]:MleAmDiagGmmUpdate():mle-am-diag-gmm.cc:229) Removed 0 Gaussians due to counts < --min-gaussian-occupancy=10 and --remove-low-count-gaussians=true
LOG (gmm-est[5.5.1074~1-71f3]:main():gmm-est.cc:113) GMM update: Overall 0.193009 objective function improvement per frame over 599248 frames
LOG (gmm-est[5.5.1074~1-71f3]:main():gmm-est.cc:116) GMM update: Overall avg like per frame = -86.1718 over 599248 frames.
LOG (gmm-est[5.5.1074~1-71f3]:SplitByCount():am-diag-gmm.cc:116) Split 125 states with target = 299, power = 0.25, perturb_factor = 0.01 and min_count = 20, split #Gauss from 270 to 299
LOG (gmm-est[5.5.1074~1-71f3]:main():gmm-est.cc:146) Written model to ./exp/mono_bg/8.mdl
# Accounting: time=0 threads=1
# Ended (code 0) at Fri May 19 00:23:52 EEST 2023, elapsed time 0 seconds
