# gmm-est --write-occs=./exp/mono_bg/28.occs --mix-up=879 --power=0.25 ./exp/mono_bg/27.mdl "gmm-sum-accs - ./exp/mono_bg/27.*.acc|" ./exp/mono_bg/28.mdl 
# Started at Fri May 19 00:24:36 EEST 2023
#
gmm-est --write-occs=./exp/mono_bg/28.occs --mix-up=879 --power=0.25 ./exp/mono_bg/27.mdl 'gmm-sum-accs - ./exp/mono_bg/27.*.acc|' ./exp/mono_bg/28.mdl 
gmm-sum-accs - ./exp/mono_bg/27.1.acc ./exp/mono_bg/27.2.acc ./exp/mono_bg/27.3.acc ./exp/mono_bg/27.4.acc 
LOG (gmm-sum-accs[5.5.1074~1-71f3]:main():gmm-sum-accs.cc:63) Summed 4 stats, total count 599290, avg like/frame -83.1525
LOG (gmm-sum-accs[5.5.1074~1-71f3]:main():gmm-sum-accs.cc:66) Total count of stats is 599290
LOG (gmm-sum-accs[5.5.1074~1-71f3]:main():gmm-sum-accs.cc:67) Written stats to -
LOG (gmm-est[5.5.1074~1-71f3]:MleUpdate():transition-model.cc:528) TransitionModel::Update, objf change is 0 per frame over 599290 frames. 
LOG (gmm-est[5.5.1074~1-71f3]:MleUpdate():transition-model.cc:531) 17 probabilities floored, 378 out of 505 transition-states skipped due to insuffient data (it is normal to have some skipped.)
LOG (gmm-est[5.5.1074~1-71f3]:main():gmm-est.cc:102) Transition model update: Overall 0 log-like improvement per frame over 599290 frames.
WARNING (gmm-est[5.5.1074~1-71f3]:MleDiagGmmUpdate():mle-diag-gmm.cc:365) Gaussian has too little data but not removing it because it is the last Gaussian: i = 0, occ = 0, weight = 1
WARNING (gmm-est[5.5.1074~1-71f3]:MleDiagGmmUpdate():mle-diag-gmm.cc:365) Gaussian has too little data but not removing it because it is the last Gaussian: i = 0, occ = 0, weight = 1
WARNING (gmm-est[5.5.1074~1-71f3]:MleDiagGmmUpdate():mle-diag-gmm.cc:365) Gaussian has too little data but not removing it because it is the last Gaussian: i = 0, occ = 0, weight = 1
LOG (gmm-est[5.5.1074~1-71f3]:MleAmDiagGmmUpdate():mle-am-diag-gmm.cc:225) 0 variance elements floored in 0 Gaussians, out of 850
LOG (gmm-est[5.5.1074~1-71f3]:MleAmDiagGmmUpdate():mle-am-diag-gmm.cc:229) Removed 0 Gaussians due to counts < --min-gaussian-occupancy=10 and --remove-low-count-gaussians=true
LOG (gmm-est[5.5.1074~1-71f3]:main():gmm-est.cc:113) GMM update: Overall 0.0337455 objective function improvement per frame over 599290 frames
LOG (gmm-est[5.5.1074~1-71f3]:main():gmm-est.cc:116) GMM update: Overall avg like per frame = -83.1525 over 599290 frames.
LOG (gmm-est[5.5.1074~1-71f3]:SplitByCount():am-diag-gmm.cc:116) Split 125 states with target = 879, power = 0.25, perturb_factor = 0.01 and min_count = 20, split #Gauss from 850 to 879
LOG (gmm-est[5.5.1074~1-71f3]:main():gmm-est.cc:146) Written model to ./exp/mono_bg/28.mdl
# Accounting: time=0 threads=1
# Ended (code 0) at Fri May 19 00:24:36 EEST 2023, elapsed time 0 seconds
