# gmm-init-mono --shared-phones=./data/lang_test_ug/phones/sets.int "--train-feats=ark,s,cs:apply-cmvn  --utt2spk=ark:./data/train/split4/1/utt2spk scp:./data/train/split4/1/cmvn.scp scp:./data/train/split4/1/feats.scp ark:- | add-deltas  ark:- ark:- | subset-feats --n=10 ark:- ark:-|" ./data/lang_test_ug/topo 39 ./exp/mono_ug/0.mdl ./exp/mono_ug/tree 
# Started at Fri May 19 14:12:20 EEST 2023
#
gmm-init-mono --shared-phones=./data/lang_test_ug/phones/sets.int '--train-feats=ark,s,cs:apply-cmvn  --utt2spk=ark:./data/train/split4/1/utt2spk scp:./data/train/split4/1/cmvn.scp scp:./data/train/split4/1/feats.scp ark:- | add-deltas  ark:- ark:- | subset-feats --n=10 ark:- ark:-|' ./data/lang_test_ug/topo 39 ./exp/mono_ug/0.mdl ./exp/mono_ug/tree 
subset-feats --n=10 ark:- ark:- 
apply-cmvn --utt2spk=ark:./data/train/split4/1/utt2spk scp:./data/train/split4/1/cmvn.scp scp:./data/train/split4/1/feats.scp ark:- 
add-deltas ark:- ark:- 
ERROR (add-deltas[5.5.1071~1-19185]:Write():kaldi-matrix.cc:1407) Failed to write matrix to stream

[ Stack-Trace: ]
/home/tilemahos/Desktop/SLP_LAB/kaldi/src/lib/libkaldi-base.so(kaldi::MessageLogger::LogMessage() const+0x793) [0x7f79f7d671c3]
add-deltas(kaldi::MessageLogger::LogAndThrow::operator=(kaldi::MessageLogger const&)+0x25) [0x56435c50e8e1]
/home/tilemahos/Desktop/SLP_LAB/kaldi/src/lib/libkaldi-matrix.so(kaldi::MatrixBase<float>::Write(std::ostream&, bool) const+0x223) [0x7f79f7db3d19]
add-deltas(kaldi::TableWriterArchiveImpl<kaldi::KaldiObjectHolder<kaldi::MatrixBase<float> > >::Write(std::__cxx11::basic_string<char, std::char_traits<char>, std::allocator<char> > const&, kaldi::MatrixBase<float> const&)+0x23c) [0x56435c512470]
add-deltas(main+0x440) [0x56435c50e0e9]
/lib/x86_64-linux-gnu/libc.so.6(__libc_start_main+0xf3) [0x7f79f795e083]
add-deltas(_start+0x2e) [0x56435c50dbee]

WARNING (add-deltas[5.5.1071~1-19185]:Write():util/kaldi-holder-inl.h:57) Exception caught writing Table object. kaldi::KaldiFatalError
WARNING (add-deltas[5.5.1071~1-19185]:Write():util/kaldi-table-inl.h:1057) Write failure to standard output
ERROR (add-deltas[5.5.1071~1-19185]:Write():util/kaldi-table-inl.h:1515) Error in TableWriter::Write

[ Stack-Trace: ]
/home/tilemahos/Desktop/SLP_LAB/kaldi/src/lib/libkaldi-base.so(kaldi::MessageLogger::LogMessage() const+0x793) [0x7f79f7d671c3]
add-deltas(kaldi::MessageLogger::LogAndThrow::operator=(kaldi::MessageLogger const&)+0x25) [0x56435c50e8e1]
add-deltas(main+0x4c3) [0x56435c50e16c]
/lib/x86_64-linux-gnu/libc.so.6(__libc_start_main+0xf3) [0x7f79f795e083]
add-deltas(_start+0x2e) [0x56435c50dbee]

WARNING (add-deltas[5.5.1071~1-19185]:Close():util/kaldi-table-inl.h:1089) Error closing stream: wspecifier is ark:-
ERROR (add-deltas[5.5.1071~1-19185]:~TableWriter():util/kaldi-table-inl.h:1539) Error closing TableWriter [in destructor].

[ Stack-Trace: ]
/home/tilemahos/Desktop/SLP_LAB/kaldi/src/lib/libkaldi-base.so(kaldi::MessageLogger::LogMessage() const+0x793) [0x7f79f7d671c3]
add-deltas(kaldi::MessageLogger::LogAndThrow::operator=(kaldi::MessageLogger const&)+0x25) [0x56435c50e8e1]
add-deltas(kaldi::TableWriter<kaldi::KaldiObjectHolder<kaldi::MatrixBase<float> > >::~TableWriter()+0x8e) [0x56435c5155b2]
add-deltas(main+0x61c) [0x56435c50e2c5]
/lib/x86_64-linux-gnu/libc.so.6(__libc_start_main+0xf3) [0x7f79f795e083]
add-deltas(_start+0x2e) [0x56435c50dbee]

terminate called after throwing an instance of 'kaldi::KaldiFatalError'
  what():  kaldi::KaldiFatalError
Aborted (core dumped)
ERROR (apply-cmvn[5.5.1071~1-19185]:Write():kaldi-matrix.cc:1407) Failed to write matrix to stream

[ Stack-Trace: ]
/home/tilemahos/Desktop/SLP_LAB/kaldi/src/lib/libkaldi-base.so(kaldi::MessageLogger::LogMessage() const+0x793) [0x7f59d647e1c3]
apply-cmvn(kaldi::MessageLogger::LogAndThrow::operator=(kaldi::MessageLogger const&)+0x25) [0x55f58d16b215]
/home/tilemahos/Desktop/SLP_LAB/kaldi/src/lib/libkaldi-matrix.so(kaldi::MatrixBase<float>::Write(std::ostream&, bool) const+0x223) [0x7f59d64cad19]
apply-cmvn(kaldi::TableWriterArchiveImpl<kaldi::KaldiObjectHolder<kaldi::MatrixBase<float> > >::Write(std::__cxx11::basic_string<char, std::char_traits<char>, std::allocator<char> > const&, kaldi::MatrixBase<float> const&)+0x23c) [0x55f58d1740aa]
apply-cmvn(kaldi::TableWriter<kaldi::KaldiObjectHolder<kaldi::MatrixBase<float> > >::Write(std::__cxx11::basic_string<char, std::char_traits<char>, std::allocator<char> > const&, kaldi::MatrixBase<float> const&) const+0x3f) [0x55f58d177cc9]
apply-cmvn(main+0xa88) [0x55f58d169a11]
/lib/x86_64-linux-gnu/libc.so.6(__libc_start_main+0xf3) [0x7f59d6075083]
apply-cmvn(_start+0x2e) [0x55f58d168ece]

WARNING (apply-cmvn[5.5.1071~1-19185]:Write():util/kaldi-holder-inl.h:57) Exception caught writing Table object. kaldi::KaldiFatalError
WARNING (apply-cmvn[5.5.1071~1-19185]:Write():util/kaldi-table-inl.h:1057) Write failure to standard output
ERROR (apply-cmvn[5.5.1071~1-19185]:Write():util/kaldi-table-inl.h:1515) Error in TableWriter::Write

[ Stack-Trace: ]
/home/tilemahos/Desktop/SLP_LAB/kaldi/src/lib/libkaldi-base.so(kaldi::MessageLogger::LogMessage() const+0x793) [0x7f59d647e1c3]
apply-cmvn(kaldi::MessageLogger::LogAndThrow::operator=(kaldi::MessageLogger const&)+0x25) [0x55f58d16b215]
apply-cmvn(kaldi::TableWriter<kaldi::KaldiObjectHolder<kaldi::MatrixBase<float> > >::Write(std::__cxx11::basic_string<char, std::char_traits<char>, std::allocator<char> > const&, kaldi::MatrixBase<float> const&) const+0xa5) [0x55f58d177d2f]
apply-cmvn(main+0xa88) [0x55f58d169a11]
/lib/x86_64-linux-gnu/libc.so.6(__libc_start_main+0xf3) [0x7f59d6075083]
apply-cmvn(_start+0x2e) [0x55f58d168ece]

WARNING (apply-cmvn[5.5.1071~1-19185]:Close():util/kaldi-table-inl.h:1089) Error closing stream: wspecifier is ark:-
ERROR (apply-cmvn[5.5.1071~1-19185]:~TableWriter():util/kaldi-table-inl.h:1539) Error closing TableWriter [in destructor].

[ Stack-Trace: ]
/home/tilemahos/Desktop/SLP_LAB/kaldi/src/lib/libkaldi-base.so(kaldi::MessageLogger::LogMessage() const+0x793) [0x7f59d647e1c3]
apply-cmvn(kaldi::MessageLogger::LogAndThrow::operator=(kaldi::MessageLogger const&)+0x25) [0x55f58d16b215]
apply-cmvn(kaldi::TableWriter<kaldi::KaldiObjectHolder<kaldi::MatrixBase<float> > >::~TableWriter()+0x8e) [0x55f58d177778]
apply-cmvn(main+0x1217) [0x55f58d16a1a0]
/lib/x86_64-linux-gnu/libc.so.6(__libc_start_main+0xf3) [0x7f59d6075083]
apply-cmvn(_start+0x2e) [0x55f58d168ece]

terminate called after throwing an instance of 'kaldi::KaldiFatalError'
  what():  kaldi::KaldiFatalError
Aborted (core dumped)
# Accounting: time=1 threads=1
# Ended (code 0) at Fri May 19 14:12:21 EEST 2023, elapsed time 1 seconds
