# gmm-est --write-occs=./exp/mono_ug/2.occs --mix-up=125 --power=0.25 ./exp/mono_ug/1.mdl "gmm-sum-accs - ./exp/mono_ug/1.*.acc|" ./exp/mono_ug/2.mdl 
# Started at Fri May 19 14:12:52 EEST 2023
#
gmm-est --write-occs=./exp/mono_ug/2.occs --mix-up=125 --power=0.25 ./exp/mono_ug/1.mdl 'gmm-sum-accs - ./exp/mono_ug/1.*.acc|' ./exp/mono_ug/2.mdl 
gmm-sum-accs - ./exp/mono_ug/1.1.acc ./exp/mono_ug/1.2.acc ./exp/mono_ug/1.3.acc ./exp/mono_ug/1.4.acc 
LOG (gmm-sum-accs[5.5.1071~1-19185]:main():gmm-sum-accs.cc:63) Summed 4 stats, total count 563204, avg like/frame -98.2088
LOG (gmm-sum-accs[5.5.1071~1-19185]:main():gmm-sum-accs.cc:66) Total count of stats is 563204
LOG (gmm-sum-accs[5.5.1071~1-19185]:main():gmm-sum-accs.cc:67) Written stats to -
LOG (gmm-est[5.5.1071~1-19185]:MleUpdate():transition-model.cc:528) TransitionModel::Update, objf change is 0.334142 per frame over 563204 frames. 
LOG (gmm-est[5.5.1071~1-19185]:MleUpdate():transition-model.cc:531) 13 probabilities floored, 380 out of 505 transition-states skipped due to insuffient data (it is normal to have some skipped.)
LOG (gmm-est[5.5.1071~1-19185]:main():gmm-est.cc:102) Transition model update: Overall 0.334142 log-like improvement per frame over 563204 frames.
WARNING (gmm-est[5.5.1071~1-19185]:MleDiagGmmUpdate():mle-diag-gmm.cc:365) Gaussian has too little data but not removing it because it is the last Gaussian: i = 0, occ = 8, weight = 1
WARNING (gmm-est[5.5.1071~1-19185]:MleDiagGmmUpdate():mle-diag-gmm.cc:365) Gaussian has too little data but not removing it because it is the last Gaussian: i = 0, occ = 0, weight = 1
WARNING (gmm-est[5.5.1071~1-19185]:MleDiagGmmUpdate():mle-diag-gmm.cc:365) Gaussian has too little data but not removing it because it is the last Gaussian: i = 0, occ = 0, weight = 1
WARNING (gmm-est[5.5.1071~1-19185]:MleDiagGmmUpdate():mle-diag-gmm.cc:365) Gaussian has too little data but not removing it because it is the last Gaussian: i = 0, occ = 0, weight = 1
LOG (gmm-est[5.5.1071~1-19185]:MleAmDiagGmmUpdate():mle-am-diag-gmm.cc:225) 0 variance elements floored in 0 Gaussians, out of 125
LOG (gmm-est[5.5.1071~1-19185]:MleAmDiagGmmUpdate():mle-am-diag-gmm.cc:229) Removed 0 Gaussians due to counts < --min-gaussian-occupancy=10 and --remove-low-count-gaussians=true
LOG (gmm-est[5.5.1071~1-19185]:main():gmm-est.cc:113) GMM update: Overall 6.3913 objective function improvement per frame over 563204 frames
LOG (gmm-est[5.5.1071~1-19185]:main():gmm-est.cc:116) GMM update: Overall avg like per frame = -98.2088 over 563204 frames.
LOG (gmm-est[5.5.1071~1-19185]:SplitByCount():am-diag-gmm.cc:116) Split 125 states with target = 125, power = 0.25, perturb_factor = 0.01 and min_count = 20, split #Gauss from 125 to 125
LOG (gmm-est[5.5.1071~1-19185]:main():gmm-est.cc:146) Written model to ./exp/mono_ug/2.mdl
# Accounting: time=0 threads=1
# Ended (code 0) at Fri May 19 14:12:52 EEST 2023, elapsed time 0 seconds
